2018-04-14 at 14:06:01 CST [main] INFO  me.anqi.jexam.JexamApplication   - Starting JexamApplication on oneplusone.local with PID 61569 (/Users/jcala/work/code/self/jexam/out/production/classes started by jcala in /Users/jcala/work/code/self/jexam)
2018-04-14 at 14:06:01 CST [main] INFO  me.anqi.jexam.JexamApplication   - The following profiles are active: dev
2018-04-14 at 14:06:01 CST [main] INFO  org.springframework.boot.context.embedded.AnnotationConfigEmbeddedWebApplicationContext   - Refreshing org.springframework.boot.context.embedded.AnnotationConfigEmbeddedWebApplicationContext@68f1b17f: startup date [Sat Apr 14 14:06:01 CST 2018]; root of context hierarchy
2018-04-14 at 14:06:01 CST [background-preinit] INFO  org.hibernate.validator.internal.util.Version   - HV000001: Hibernate Validator 5.3.5.Final
2018-04-14 at 14:06:03 CST [main] INFO  org.springframework.orm.jpa.LocalContainerEntityManagerFactoryBean   - Building JPA container EntityManagerFactory for persistence unit 'default'
2018-04-14 at 14:06:03 CST [main] INFO  org.hibernate.jpa.internal.util.LogHelper   - HHH000204: Processing PersistenceUnitInfo [
	name: default
	...]
2018-04-14 at 14:06:03 CST [main] INFO  org.hibernate.Version   - HHH000412: Hibernate Core {5.2.10.Final}
2018-04-14 at 14:06:03 CST [main] INFO  org.hibernate.cfg.Environment   - HHH000206: hibernate.properties not found
2018-04-14 at 14:06:03 CST [main] INFO  org.hibernate.annotations.common.Version   - HCANN000001: Hibernate Commons Annotations {5.0.1.Final}
2018-04-14 at 14:06:03 CST [main] INFO  com.alibaba.druid.pool.DruidDataSource   - {dataSource-1} inited
2018-04-14 at 14:06:03 CST [main] INFO  org.hibernate.dialect.Dialect   - HHH000400: Using dialect: org.hibernate.dialect.MySQL5Dialect
2018-04-14 at 14:06:04 CST [main] INFO  org.springframework.orm.jpa.LocalContainerEntityManagerFactoryBean   - Initialized JPA EntityManagerFactory for persistence unit 'default'
2018-04-14 at 14:06:04 CST [main] INFO  org.xnio   - XNIO version 3.3.6.Final
2018-04-14 at 14:06:04 CST [main] INFO  org.xnio.nio   - XNIO NIO Implementation Version 3.3.6.Final
2018-04-14 at 14:06:04 CST [main] WARN  io.undertow.websockets.jsr   - UT026009: XNIO worker was not set on WebSocketDeploymentInfo, the default worker will be used
2018-04-14 at 14:06:04 CST [main] WARN  io.undertow.websockets.jsr   - UT026010: Buffer pool was not set on WebSocketDeploymentInfo, the default pool will be used
2018-04-14 at 14:06:04 CST [main] INFO  io.undertow.servlet   - Initializing Spring embedded WebApplicationContext
2018-04-14 at 14:06:04 CST [main] INFO  org.springframework.web.context.ContextLoader   - Root WebApplicationContext: initialization completed in 3261 ms
2018-04-14 at 14:06:04 CST [main] INFO  org.springframework.boot.web.servlet.ServletRegistrationBean   - Mapping servlet: 'statViewServlet' to [/druid/*]
2018-04-14 at 14:06:04 CST [main] INFO  org.springframework.boot.web.servlet.ServletRegistrationBean   - Mapping servlet: 'dispatcherServlet' to [/]
2018-04-14 at 14:06:04 CST [main] INFO  org.springframework.boot.web.servlet.FilterRegistrationBean   - Mapping filter: 'characterEncodingFilter' to: [/*]
2018-04-14 at 14:06:04 CST [main] INFO  org.springframework.boot.web.servlet.FilterRegistrationBean   - Mapping filter: 'hiddenHttpMethodFilter' to: [/*]
2018-04-14 at 14:06:04 CST [main] INFO  org.springframework.boot.web.servlet.FilterRegistrationBean   - Mapping filter: 'httpPutFormContentFilter' to: [/*]
2018-04-14 at 14:06:04 CST [main] INFO  org.springframework.boot.web.servlet.FilterRegistrationBean   - Mapping filter: 'requestContextFilter' to: [/*]
2018-04-14 at 14:06:04 CST [main] INFO  org.springframework.boot.web.servlet.FilterRegistrationBean   - Mapping filter: 'webStatFilter' to urls: [/*]
2018-04-14 at 14:06:05 CST [main] INFO  org.hibernate.hql.internal.QueryTranslatorFactoryInitiator   - HHH000397: Using ASTQueryTranslatorFactory
2018-04-14 at 14:06:05 CST [main] INFO  org.springframework.web.servlet.mvc.method.annotation.RequestMappingHandlerAdapter   - Looking for @ControllerAdvice: org.springframework.boot.context.embedded.AnnotationConfigEmbeddedWebApplicationContext@68f1b17f: startup date [Sat Apr 14 14:06:01 CST 2018]; root of context hierarchy
2018-04-14 at 14:06:05 CST [main] INFO  org.springframework.web.servlet.mvc.method.annotation.RequestMappingHandlerMapping   - Mapped "{[/exercises/list],methods=[GET]}" onto public java.lang.String me.anqi.jexam.ctrl.ExerciseController.exercise(java.lang.String,org.springframework.data.domain.Pageable,javax.servlet.http.HttpServletRequest,org.springframework.ui.Model)
2018-04-14 at 14:06:05 CST [main] INFO  org.springframework.web.servlet.mvc.method.annotation.RequestMappingHandlerMapping   - Mapped "{[/exercises/{id}],methods=[GET]}" onto public java.lang.String me.anqi.jexam.ctrl.ExerciseController.courseExe(long,org.springframework.ui.Model,javax.servlet.http.HttpServletRequest)
2018-04-14 at 14:06:05 CST [main] INFO  org.springframework.web.servlet.mvc.method.annotation.RequestMappingHandlerMapping   - Mapped "{[/user/stu/exercises],methods=[GET]}" onto public java.lang.String me.anqi.jexam.ctrl.StudentController.exercises()
2018-04-14 at 14:06:05 CST [main] INFO  org.springframework.web.servlet.mvc.method.annotation.RequestMappingHandlerMapping   - Mapped "{[/user/stu/exams],methods=[GET]}" onto public java.lang.String me.anqi.jexam.ctrl.StudentController.exams()
2018-04-14 at 14:06:05 CST [main] INFO  org.springframework.web.servlet.mvc.method.annotation.RequestMappingHandlerMapping   - Mapped "{[/user/tea/add_subject],methods=[GET]}" onto public java.lang.String me.anqi.jexam.ctrl.TeacherController.addSubject(org.springframework.ui.Model)
2018-04-14 at 14:06:05 CST [main] INFO  org.springframework.web.servlet.mvc.method.annotation.RequestMappingHandlerMapping   - Mapped "{[/user/tea/subjects],methods=[POST]}" onto public java.lang.String me.anqi.jexam.ctrl.TeacherController.addSubject(java.lang.String)
2018-04-14 at 14:06:05 CST [main] INFO  org.springframework.web.servlet.mvc.method.annotation.RequestMappingHandlerMapping   - Mapped "{[/user/tea/students],methods=[POST]}" onto public java.lang.String me.anqi.jexam.ctrl.TeacherController.addStudent(java.lang.Long,javax.servlet.http.HttpServletRequest)
2018-04-14 at 14:06:05 CST [main] INFO  org.springframework.web.servlet.mvc.method.annotation.RequestMappingHandlerMapping   - Mapped "{[/user/tea/add_student],methods=[GET]}" onto public java.lang.String me.anqi.jexam.ctrl.TeacherController.addStudent(javax.servlet.http.HttpServletRequest,org.springframework.ui.Model)
2018-04-14 at 14:06:05 CST [main] INFO  org.springframework.web.servlet.mvc.method.annotation.RequestMappingHandlerMapping   - Mapped "{[/user/tea/manager_paper],methods=[GET]}" onto public java.lang.String me.anqi.jexam.ctrl.TeacherController.managerPaper(org.springframework.ui.Model,javax.servlet.http.HttpServletRequest)
2018-04-14 at 14:06:05 CST [main] INFO  org.springframework.web.servlet.mvc.method.annotation.RequestMappingHandlerMapping   - Mapped "{[/user/tea/add_paper],methods=[GET]}" onto public java.lang.String me.anqi.jexam.ctrl.TeacherController.addPaper(org.springframework.ui.Model)
2018-04-14 at 14:06:05 CST [main] INFO  org.springframework.web.servlet.mvc.method.annotation.RequestMappingHandlerMapping   - Mapped "{[/user/tea/papers],methods=[POST]}" onto public java.lang.String me.anqi.jexam.ctrl.TeacherController.addPaper(java.lang.String,java.lang.Long,javax.servlet.http.HttpServletRequest)
2018-04-14 at 14:06:05 CST [main] INFO  org.springframework.web.servlet.mvc.method.annotation.RequestMappingHandlerMapping   - Mapped "{[/user/tea/correct_paper],methods=[GET]}" onto public java.lang.String me.anqi.jexam.ctrl.TeacherController.correctPaper()
2018-04-14 at 14:06:05 CST [main] INFO  org.springframework.web.servlet.mvc.method.annotation.RequestMappingHandlerMapping   - Mapped "{[/user/tea/papers/{id}/delete],methods=[GET]}" onto public java.lang.String me.anqi.jexam.ctrl.TeacherController.deletePaper(long,javax.servlet.http.HttpServletRequest)
2018-04-14 at 14:06:05 CST [main] INFO  org.springframework.web.servlet.mvc.method.annotation.RequestMappingHandlerMapping   - Mapped "{[/user/tea/papers/{id}/edit],methods=[GET]}" onto public java.lang.String me.anqi.jexam.ctrl.TeacherController.editPage(long,org.springframework.ui.Model)
2018-04-14 at 14:06:05 CST [main] INFO  org.springframework.web.servlet.mvc.method.annotation.RequestMappingHandlerMapping   - Mapped "{[/user/tea/exercises],methods=[POST]}" onto public java.lang.String me.anqi.jexam.ctrl.TeacherController.addExercise(me.anqi.jexam.entity.auxiliary.ExerciseForm)
2018-04-14 at 14:06:05 CST [main] INFO  org.springframework.web.servlet.mvc.method.annotation.RequestMappingHandlerMapping   - Mapped "{[/],methods=[GET]}" onto public java.lang.String me.anqi.jexam.ctrl.UserController.index(org.springframework.ui.Model,javax.servlet.http.HttpServletRequest)
2018-04-14 at 14:06:05 CST [main] INFO  org.springframework.web.servlet.mvc.method.annotation.RequestMappingHandlerMapping   - Mapped "{[/login],methods=[GET]}" onto public java.lang.String me.anqi.jexam.ctrl.UserController.loginPage()
2018-04-14 at 14:06:05 CST [main] INFO  org.springframework.web.servlet.mvc.method.annotation.RequestMappingHandlerMapping   - Mapped "{[/login.do],methods=[POST]}" onto public java.lang.String me.anqi.jexam.ctrl.UserController.DoLogin(me.anqi.jexam.entity.User,javax.servlet.http.HttpServletRequest)
2018-04-14 at 14:06:05 CST [main] INFO  org.springframework.web.servlet.mvc.method.annotation.RequestMappingHandlerMapping   - Mapped "{[/user/logout],methods=[GET]}" onto public java.lang.String me.anqi.jexam.ctrl.UserController.doLogOut(javax.servlet.http.HttpServletRequest)
2018-04-14 at 14:06:05 CST [main] INFO  org.springframework.web.servlet.mvc.method.annotation.RequestMappingHandlerMapping   - Mapped "{[/error]}" onto public org.springframework.http.ResponseEntity<java.util.Map<java.lang.String, java.lang.Object>> org.springframework.boot.autoconfigure.web.BasicErrorController.error(javax.servlet.http.HttpServletRequest)
2018-04-14 at 14:06:05 CST [main] INFO  org.springframework.web.servlet.mvc.method.annotation.RequestMappingHandlerMapping   - Mapped "{[/error],produces=[text/html]}" onto public org.springframework.web.servlet.ModelAndView org.springframework.boot.autoconfigure.web.BasicErrorController.errorHtml(javax.servlet.http.HttpServletRequest,javax.servlet.http.HttpServletResponse)
2018-04-14 at 14:06:05 CST [main] INFO  org.springframework.web.servlet.handler.SimpleUrlHandlerMapping   - Mapped URL path [/webjars/**] onto handler of type [class org.springframework.web.servlet.resource.ResourceHttpRequestHandler]
2018-04-14 at 14:06:05 CST [main] INFO  org.springframework.web.servlet.handler.SimpleUrlHandlerMapping   - Mapped URL path [/**] onto handler of type [class org.springframework.web.servlet.resource.ResourceHttpRequestHandler]
2018-04-14 at 14:06:05 CST [main] INFO  org.springframework.web.servlet.mvc.method.annotation.ExceptionHandlerExceptionResolver   - Detected @ExceptionHandler methods in ctrlExceptionHandler
2018-04-14 at 14:06:05 CST [main] INFO  org.springframework.web.servlet.handler.SimpleUrlHandlerMapping   - Mapped URL path [/**/favicon.ico] onto handler of type [class org.springframework.web.servlet.resource.ResourceHttpRequestHandler]
2018-04-14 at 14:06:06 CST [main] INFO  org.springframework.web.servlet.view.freemarker.FreeMarkerConfigurer   - ClassTemplateLoader for Spring macros added to FreeMarker configuration
2018-04-14 at 14:06:06 CST [main] INFO  org.springframework.jmx.export.annotation.AnnotationMBeanExporter   - Registering beans for JMX exposure on startup
2018-04-14 at 14:06:06 CST [main] INFO  org.springframework.jmx.export.annotation.AnnotationMBeanExporter   - Bean with name 'dataSource' has been autodetected for JMX exposure
2018-04-14 at 14:06:06 CST [main] INFO  org.springframework.jmx.export.annotation.AnnotationMBeanExporter   - Located MBean 'dataSource': registering with JMX server as MBean [com.alibaba.druid.pool:name=dataSource,type=DruidDataSource]
2018-04-14 at 14:06:06 CST [main] INFO  org.springframework.boot.context.embedded.undertow.UndertowEmbeddedServletContainer   - Undertow started on port(s) 8037 (http)
2018-04-14 at 14:06:06 CST [main] INFO  me.anqi.jexam.JexamApplication   - Started JexamApplication in 5.234 seconds (JVM running for 6.543)
2018-04-14 at 17:09:32 CST [XNIO-3 task-1] INFO  io.undertow.servlet   - Initializing Spring FrameworkServlet 'dispatcherServlet'
2018-04-14 at 17:09:32 CST [XNIO-3 task-1] INFO  org.springframework.web.servlet.DispatcherServlet   - FrameworkServlet 'dispatcherServlet': initialization started
2018-04-14 at 17:09:32 CST [XNIO-3 task-1] INFO  org.springframework.web.servlet.DispatcherServlet   - FrameworkServlet 'dispatcherServlet': initialization completed in 14 ms
2018-04-14 at 17:40:11 CST [Thread-15] INFO  org.springframework.boot.context.embedded.AnnotationConfigEmbeddedWebApplicationContext   - Closing org.springframework.boot.context.embedded.AnnotationConfigEmbeddedWebApplicationContext@68f1b17f: startup date [Sat Apr 14 14:06:01 CST 2018]; root of context hierarchy
2018-04-14 at 17:40:16 CST [main] INFO  me.anqi.jexam.JexamApplication   - Starting JexamApplication on oneplusone.local with PID 72112 (/Users/jcala/work/code/self/jexam/out/production/classes started by jcala in /Users/jcala/work/code/self/jexam)
2018-04-14 at 17:40:16 CST [main] INFO  me.anqi.jexam.JexamApplication   - The following profiles are active: dev
2018-04-14 at 17:40:16 CST [main] INFO  org.springframework.boot.context.embedded.AnnotationConfigEmbeddedWebApplicationContext   - Refreshing org.springframework.boot.context.embedded.AnnotationConfigEmbeddedWebApplicationContext@68f1b17f: startup date [Sat Apr 14 17:40:16 CST 2018]; root of context hierarchy
2018-04-14 at 17:40:16 CST [background-preinit] INFO  org.hibernate.validator.internal.util.Version   - HV000001: Hibernate Validator 5.3.5.Final
2018-04-14 at 17:40:17 CST [main] INFO  org.springframework.orm.jpa.LocalContainerEntityManagerFactoryBean   - Building JPA container EntityManagerFactory for persistence unit 'default'
2018-04-14 at 17:40:17 CST [main] INFO  org.hibernate.jpa.internal.util.LogHelper   - HHH000204: Processing PersistenceUnitInfo [
	name: default
	...]
2018-04-14 at 17:40:17 CST [main] INFO  org.hibernate.Version   - HHH000412: Hibernate Core {5.2.10.Final}
2018-04-14 at 17:40:17 CST [main] INFO  org.hibernate.cfg.Environment   - HHH000206: hibernate.properties not found
2018-04-14 at 17:40:17 CST [main] INFO  org.hibernate.annotations.common.Version   - HCANN000001: Hibernate Commons Annotations {5.0.1.Final}
2018-04-14 at 17:40:17 CST [main] INFO  com.alibaba.druid.pool.DruidDataSource   - {dataSource-1} inited
2018-04-14 at 17:40:17 CST [main] INFO  org.hibernate.dialect.Dialect   - HHH000400: Using dialect: org.hibernate.dialect.MySQL5Dialect
2018-04-14 at 17:40:18 CST [main] INFO  org.springframework.orm.jpa.LocalContainerEntityManagerFactoryBean   - Initialized JPA EntityManagerFactory for persistence unit 'default'
2018-04-14 at 17:40:18 CST [main] INFO  org.xnio   - XNIO version 3.3.6.Final
2018-04-14 at 17:40:18 CST [main] INFO  org.xnio.nio   - XNIO NIO Implementation Version 3.3.6.Final
2018-04-14 at 17:40:18 CST [main] WARN  io.undertow.websockets.jsr   - UT026009: XNIO worker was not set on WebSocketDeploymentInfo, the default worker will be used
2018-04-14 at 17:40:18 CST [main] WARN  io.undertow.websockets.jsr   - UT026010: Buffer pool was not set on WebSocketDeploymentInfo, the default pool will be used
2018-04-14 at 17:40:18 CST [main] INFO  io.undertow.servlet   - Initializing Spring embedded WebApplicationContext
2018-04-14 at 17:40:18 CST [main] INFO  org.springframework.web.context.ContextLoader   - Root WebApplicationContext: initialization completed in 2295 ms
2018-04-14 at 17:40:18 CST [main] INFO  org.springframework.boot.web.servlet.ServletRegistrationBean   - Mapping servlet: 'statViewServlet' to [/druid/*]
2018-04-14 at 17:40:18 CST [main] INFO  org.springframework.boot.web.servlet.ServletRegistrationBean   - Mapping servlet: 'dispatcherServlet' to [/]
2018-04-14 at 17:40:18 CST [main] INFO  org.springframework.boot.web.servlet.FilterRegistrationBean   - Mapping filter: 'characterEncodingFilter' to: [/*]
2018-04-14 at 17:40:18 CST [main] INFO  org.springframework.boot.web.servlet.FilterRegistrationBean   - Mapping filter: 'hiddenHttpMethodFilter' to: [/*]
2018-04-14 at 17:40:18 CST [main] INFO  org.springframework.boot.web.servlet.FilterRegistrationBean   - Mapping filter: 'httpPutFormContentFilter' to: [/*]
2018-04-14 at 17:40:18 CST [main] INFO  org.springframework.boot.web.servlet.FilterRegistrationBean   - Mapping filter: 'requestContextFilter' to: [/*]
2018-04-14 at 17:40:18 CST [main] INFO  org.springframework.boot.web.servlet.FilterRegistrationBean   - Mapping filter: 'webStatFilter' to urls: [/*]
2018-04-14 at 17:40:19 CST [main] INFO  org.hibernate.hql.internal.QueryTranslatorFactoryInitiator   - HHH000397: Using ASTQueryTranslatorFactory
2018-04-14 at 17:40:19 CST [main] INFO  org.springframework.web.servlet.mvc.method.annotation.RequestMappingHandlerAdapter   - Looking for @ControllerAdvice: org.springframework.boot.context.embedded.AnnotationConfigEmbeddedWebApplicationContext@68f1b17f: startup date [Sat Apr 14 17:40:16 CST 2018]; root of context hierarchy
2018-04-14 at 17:40:19 CST [main] INFO  org.springframework.web.servlet.mvc.method.annotation.RequestMappingHandlerMapping   - Mapped "{[/exercises/list],methods=[GET]}" onto public java.lang.String me.anqi.jexam.controller.ExerciseController.exercise(java.lang.String,org.springframework.data.domain.Pageable,javax.servlet.http.HttpServletRequest,org.springframework.ui.Model)
2018-04-14 at 17:40:19 CST [main] INFO  org.springframework.web.servlet.mvc.method.annotation.RequestMappingHandlerMapping   - Mapped "{[/exercises/{id}],methods=[GET]}" onto public java.lang.String me.anqi.jexam.controller.ExerciseController.courseExe(long,org.springframework.ui.Model,javax.servlet.http.HttpServletRequest)
2018-04-14 at 17:40:19 CST [main] INFO  org.springframework.web.servlet.mvc.method.annotation.RequestMappingHandlerMapping   - Mapped "{[/user/stu/exercises],methods=[GET]}" onto public java.lang.String me.anqi.jexam.controller.StudentController.exercises()
2018-04-14 at 17:40:19 CST [main] INFO  org.springframework.web.servlet.mvc.method.annotation.RequestMappingHandlerMapping   - Mapped "{[/user/stu/exams],methods=[GET]}" onto public java.lang.String me.anqi.jexam.controller.StudentController.exams()
2018-04-14 at 17:40:19 CST [main] INFO  org.springframework.web.servlet.mvc.method.annotation.RequestMappingHandlerMapping   - Mapped "{[/user/stu/collect_exercises/add/{id}],methods=[GET]}" onto public java.lang.String me.anqi.jexam.controller.StudentController.addCollectionExercises(java.lang.Long)
2018-04-14 at 17:40:19 CST [main] INFO  org.springframework.web.servlet.mvc.method.annotation.RequestMappingHandlerMapping   - Mapped "{[/user/tea/papers],methods=[POST]}" onto public java.lang.String me.anqi.jexam.controller.TeacherController.addPaper(java.lang.String,java.lang.Long,javax.servlet.http.HttpServletRequest)
2018-04-14 at 17:40:19 CST [main] INFO  org.springframework.web.servlet.mvc.method.annotation.RequestMappingHandlerMapping   - Mapped "{[/user/tea/add_paper],methods=[GET]}" onto public java.lang.String me.anqi.jexam.controller.TeacherController.addPaper(org.springframework.ui.Model)
2018-04-14 at 17:40:19 CST [main] INFO  org.springframework.web.servlet.mvc.method.annotation.RequestMappingHandlerMapping   - Mapped "{[/user/tea/add_subject],methods=[GET]}" onto public java.lang.String me.anqi.jexam.controller.TeacherController.addSubject(org.springframework.ui.Model)
2018-04-14 at 17:40:19 CST [main] INFO  org.springframework.web.servlet.mvc.method.annotation.RequestMappingHandlerMapping   - Mapped "{[/user/tea/subjects],methods=[POST]}" onto public java.lang.String me.anqi.jexam.controller.TeacherController.addSubject(java.lang.String)
2018-04-14 at 17:40:19 CST [main] INFO  org.springframework.web.servlet.mvc.method.annotation.RequestMappingHandlerMapping   - Mapped "{[/user/tea/students],methods=[POST]}" onto public java.lang.String me.anqi.jexam.controller.TeacherController.addStudent(java.lang.Long,javax.servlet.http.HttpServletRequest)
2018-04-14 at 17:40:19 CST [main] INFO  org.springframework.web.servlet.mvc.method.annotation.RequestMappingHandlerMapping   - Mapped "{[/user/tea/add_student],methods=[GET]}" onto public java.lang.String me.anqi.jexam.controller.TeacherController.addStudent(javax.servlet.http.HttpServletRequest,org.springframework.ui.Model)
2018-04-14 at 17:40:19 CST [main] INFO  org.springframework.web.servlet.mvc.method.annotation.RequestMappingHandlerMapping   - Mapped "{[/user/tea/manager_paper],methods=[GET]}" onto public java.lang.String me.anqi.jexam.controller.TeacherController.managerPaper(org.springframework.ui.Model,javax.servlet.http.HttpServletRequest)
2018-04-14 at 17:40:19 CST [main] INFO  org.springframework.web.servlet.mvc.method.annotation.RequestMappingHandlerMapping   - Mapped "{[/user/tea/correct_paper],methods=[GET]}" onto public java.lang.String me.anqi.jexam.controller.TeacherController.correctPaper()
2018-04-14 at 17:40:19 CST [main] INFO  org.springframework.web.servlet.mvc.method.annotation.RequestMappingHandlerMapping   - Mapped "{[/user/tea/papers/{id}/delete],methods=[GET]}" onto public java.lang.String me.anqi.jexam.controller.TeacherController.deletePaper(long,javax.servlet.http.HttpServletRequest)
2018-04-14 at 17:40:19 CST [main] INFO  org.springframework.web.servlet.mvc.method.annotation.RequestMappingHandlerMapping   - Mapped "{[/user/tea/papers/{id}/edit],methods=[GET]}" onto public java.lang.String me.anqi.jexam.controller.TeacherController.editPage(long,org.springframework.ui.Model)
2018-04-14 at 17:40:19 CST [main] INFO  org.springframework.web.servlet.mvc.method.annotation.RequestMappingHandlerMapping   - Mapped "{[/user/tea/exercises],methods=[POST]}" onto public java.lang.String me.anqi.jexam.controller.TeacherController.addExercise(me.anqi.jexam.entity.auxiliary.ExerciseForm)
2018-04-14 at 17:40:19 CST [main] INFO  org.springframework.web.servlet.mvc.method.annotation.RequestMappingHandlerMapping   - Mapped "{[/],methods=[GET]}" onto public java.lang.String me.anqi.jexam.controller.UserController.index(org.springframework.ui.Model,javax.servlet.http.HttpServletRequest)
2018-04-14 at 17:40:19 CST [main] INFO  org.springframework.web.servlet.mvc.method.annotation.RequestMappingHandlerMapping   - Mapped "{[/login],methods=[GET]}" onto public java.lang.String me.anqi.jexam.controller.UserController.loginPage()
2018-04-14 at 17:40:19 CST [main] INFO  org.springframework.web.servlet.mvc.method.annotation.RequestMappingHandlerMapping   - Mapped "{[/login.do],methods=[POST]}" onto public java.lang.String me.anqi.jexam.controller.UserController.DoLogin(me.anqi.jexam.entity.User,javax.servlet.http.HttpServletRequest)
2018-04-14 at 17:40:19 CST [main] INFO  org.springframework.web.servlet.mvc.method.annotation.RequestMappingHandlerMapping   - Mapped "{[/user/logout],methods=[GET]}" onto public java.lang.String me.anqi.jexam.controller.UserController.doLogOut(javax.servlet.http.HttpServletRequest)
2018-04-14 at 17:40:19 CST [main] INFO  org.springframework.web.servlet.mvc.method.annotation.RequestMappingHandlerMapping   - Mapped "{[/error]}" onto public org.springframework.http.ResponseEntity<java.util.Map<java.lang.String, java.lang.Object>> org.springframework.boot.autoconfigure.web.BasicErrorController.error(javax.servlet.http.HttpServletRequest)
2018-04-14 at 17:40:19 CST [main] INFO  org.springframework.web.servlet.mvc.method.annotation.RequestMappingHandlerMapping   - Mapped "{[/error],produces=[text/html]}" onto public org.springframework.web.servlet.ModelAndView org.springframework.boot.autoconfigure.web.BasicErrorController.errorHtml(javax.servlet.http.HttpServletRequest,javax.servlet.http.HttpServletResponse)
2018-04-14 at 17:40:19 CST [main] INFO  org.springframework.web.servlet.handler.SimpleUrlHandlerMapping   - Mapped URL path [/webjars/**] onto handler of type [class org.springframework.web.servlet.resource.ResourceHttpRequestHandler]
2018-04-14 at 17:40:19 CST [main] INFO  org.springframework.web.servlet.handler.SimpleUrlHandlerMapping   - Mapped URL path [/**] onto handler of type [class org.springframework.web.servlet.resource.ResourceHttpRequestHandler]
2018-04-14 at 17:40:19 CST [main] INFO  org.springframework.web.servlet.mvc.method.annotation.ExceptionHandlerExceptionResolver   - Detected @ExceptionHandler methods in ctrlExceptionHandler
2018-04-14 at 17:40:19 CST [main] INFO  org.springframework.web.servlet.handler.SimpleUrlHandlerMapping   - Mapped URL path [/**/favicon.ico] onto handler of type [class org.springframework.web.servlet.resource.ResourceHttpRequestHandler]
2018-04-14 at 17:40:19 CST [main] INFO  org.springframework.web.servlet.view.freemarker.FreeMarkerConfigurer   - ClassTemplateLoader for Spring macros added to FreeMarker configuration
2018-04-14 at 17:40:19 CST [main] INFO  org.springframework.jmx.export.annotation.AnnotationMBeanExporter   - Registering beans for JMX exposure on startup
2018-04-14 at 17:40:19 CST [main] INFO  org.springframework.jmx.export.annotation.AnnotationMBeanExporter   - Bean with name 'dataSource' has been autodetected for JMX exposure
2018-04-14 at 17:40:19 CST [main] INFO  org.springframework.jmx.export.annotation.AnnotationMBeanExporter   - Located MBean 'dataSource': registering with JMX server as MBean [com.alibaba.druid.pool:name=dataSource,type=DruidDataSource]
2018-04-14 at 17:40:19 CST [main] INFO  org.springframework.boot.context.embedded.undertow.UndertowEmbeddedServletContainer   - Undertow started on port(s) 8037 (http)
2018-04-14 at 17:40:19 CST [main] INFO  me.anqi.jexam.JexamApplication   - Started JexamApplication in 3.863 seconds (JVM running for 5.144)
2018-04-14 at 17:40:24 CST [XNIO-3 task-1] INFO  io.undertow.servlet   - Initializing Spring FrameworkServlet 'dispatcherServlet'
2018-04-14 at 17:40:24 CST [XNIO-3 task-1] INFO  org.springframework.web.servlet.DispatcherServlet   - FrameworkServlet 'dispatcherServlet': initialization started
2018-04-14 at 17:40:24 CST [XNIO-3 task-1] INFO  org.springframework.web.servlet.DispatcherServlet   - FrameworkServlet 'dispatcherServlet': initialization completed in 14 ms
